
[1mFrom:[0m /home/synerzip/youtube_video_player/app/models/video.rb @ line 4 :

    [1;34m1[0m: [32mclass[0m [1;35;4mVideo[0m < [1;34;4mApplicationRecord[0m
    [1;34m2[0m: 
    [1;34m3[0m: 	[1;34;4mYT_LINK_FORMAT[0m = [35m[1;35m/[0m[35m^.*(youtu.be[1;35m\/[0m[35m|v[1;35m\/[0m[35m|u[1;35m\/[0m[35m[1;35m\w[0m[35m[1;35m\/[0m[35m|embed[1;35m\/[0m[35m|watch[1;35m\?[0m[35mv=|[1;35m\&[0m[35mv=)([^#[1;35m\&[0m[35m[1;35m\?[0m[35m]*).*[1;35m/[0m[35m[35mi[0m[35m[0m
 => [1;34m4[0m: 	binding.pry
    [1;34m5[0m: 	before_create -> [32mdo[0m
    [1;34m6[0m: 		uid = link.match([1;34;4mYT_LINK_FORMAT[0m)
    [1;34m7[0m: 		[1;36mself[0m.uid = uid[[1;34m2[0m] [32mif[0m uid && uid[[1;34m2[0m]
    [1;34m8[0m: 		
    [1;34m9[0m: 		[32mif[0m [1;36mself[0m.uid.to_s.length != [1;34m11[0m

[0G[1] pry(Video)> 
[1mFrom:[0m /home/synerzip/youtube_video_player/app/models/video.rb @ line 4 :

    [1;34m1[0m: [32mclass[0m [1;35;4mVideo[0m < [1;34;4mApplicationRecord[0m
    [1;34m2[0m: 
    [1;34m3[0m: 	[1;34;4mYT_LINK_FORMAT[0m = [35m[1;35m/[0m[35m^.*(youtu.be[1;35m\/[0m[35m|v[1;35m\/[0m[35m|u[1;35m\/[0m[35m[1;35m\w[0m[35m[1;35m\/[0m[35m|embed[1;35m\/[0m[35m|watch[1;35m\?[0m[35mv=|[1;35m\&[0m[35mv=)([^#[1;35m\&[0m[35m[1;35m\?[0m[35m]*).*[1;35m/[0m[35m[35mi[0m[35m[0m
 => [1;34m4[0m: 	binding.pry
    [1;34m5[0m: 	before_create -> [32mdo[0m
    [1;34m6[0m: 		uid = link.match([1;34;4mYT_LINK_FORMAT[0m)
    [1;34m7[0m: 		[1;36mself[0m.uid = uid[[1;34m2[0m] [32mif[0m uid && uid[[1;34m2[0m]
    [1;34m8[0m: 		
    [1;34m9[0m: 		[32mif[0m [1;36mself[0m.uid.to_s.length != [1;34m11[0m

[0G[1] pry(Video)> 
[1mFrom:[0m /home/synerzip/youtube_video_player/app/controllers/videos_controller.rb @ line 12 VideosController#create:

    [1;34m11[0m: [32mdef[0m [1;34mcreate[0m
 => [1;34m12[0m:   binding.pry
    [1;34m13[0m:   @video = [1;34;4mVideo[0m.new(user_params)
    [1;34m14[0m:   authorize @video
    [1;34m15[0m:   [32mif[0m @video.save
    [1;34m16[0m:     redirect_to videos_path
    [1;34m17[0m:   [32melse[0m
    [1;34m18[0m:     render [31m[1;31m'[0m[31mnew[1;31m'[0m[31m[0m
    [1;34m19[0m:   [32mend[0m
    [1;34m20[0m: [32mend[0m

[0G[1] pry(#<VideosController>)> 
[1mFrom:[0m /home/synerzip/youtube_video_player/app/models/video.rb @ line 4 :

    [1;34m1[0m: [32mclass[0m [1;35;4mVideo[0m < [1;34;4mApplicationRecord[0m
    [1;34m2[0m: 
    [1;34m3[0m: 	[1;34;4mYT_LINK_FORMAT[0m = [35m[1;35m/[0m[35m^.*(youtu.be[1;35m\/[0m[35m|v[1;35m\/[0m[35m|u[1;35m\/[0m[35m[1;35m\w[0m[35m[1;35m\/[0m[35m|embed[1;35m\/[0m[35m|watch[1;35m\?[0m[35mv=|[1;35m\&[0m[35mv=)([^#[1;35m\&[0m[35m[1;35m\?[0m[35m]*).*[1;35m/[0m[35m[35mi[0m[35m[0m
 => [1;34m4[0m: 	binding.pry
    [1;34m5[0m: 	before_create -> [32mdo[0m
    [1;34m6[0m: 		uid = link.match([1;34;4mYT_LINK_FORMAT[0m)
    [1;34m7[0m: 		[1;36mself[0m.uid = uid[[1;34m2[0m] [32mif[0m uid && uid[[1;34m2[0m]
    [1;34m8[0m: 		
    [1;34m9[0m: 		[32mif[0m [1;36mself[0m.uid.to_s.length != [1;34m11[0m

[0G[1] pry(Video)> 
[1mFrom:[0m /home/synerzip/youtube_video_player/app/models/video.rb @ line 4 :

    [1;34m1[0m: [32mclass[0m [1;35;4mVideo[0m < [1;34;4mApplicationRecord[0m
    [1;34m2[0m: 
    [1;34m3[0m: 	[1;34;4mYT_LINK_FORMAT[0m = [35m[1;35m/[0m[35m^.*(youtu.be[1;35m\/[0m[35m|v[1;35m\/[0m[35m|u[1;35m\/[0m[35m[1;35m\w[0m[35m[1;35m\/[0m[35m|embed[1;35m\/[0m[35m|watch[1;35m\?[0m[35mv=|[1;35m\&[0m[35mv=)([^#[1;35m\&[0m[35m[1;35m\?[0m[35m]*).*[1;35m/[0m[35m[35mi[0m[35m[0m
 => [1;34m4[0m: 	binding.pry
    [1;34m5[0m: 	before_create -> [32mdo[0m
    [1;34m6[0m: 		uid = link.match([1;34;4mYT_LINK_FORMAT[0m)
    [1;34m7[0m: 		[1;36mself[0m.uid = uid[[1;34m2[0m] [32mif[0m uid && uid[[1;34m2[0m]
    [1;34m8[0m: 		
    [1;34m9[0m: 		[32mif[0m [1;36mself[0m.uid.to_s.length != [1;34m11[0m

[0G[1] pry(Video)> 
[1mFrom:[0m /home/synerzip/youtube_video_player/app/models/video.rb @ line 4 :

    [1;34m1[0m: [32mclass[0m [1;35;4mVideo[0m < [1;34;4mApplicationRecord[0m
    [1;34m2[0m: 
    [1;34m3[0m: 	[1;34;4mYT_LINK_FORMAT[0m = [35m[1;35m/[0m[35m^.*(youtu.be[1;35m\/[0m[35m|v[1;35m\/[0m[35m|u[1;35m\/[0m[35m[1;35m\w[0m[35m[1;35m\/[0m[35m|embed[1;35m\/[0m[35m|watch[1;35m\?[0m[35mv=|[1;35m\&[0m[35mv=)([^#[1;35m\&[0m[35m[1;35m\?[0m[35m]*).*[1;35m/[0m[35m[35mi[0m[35m[0m
 => [1;34m4[0m: 	binding.pry
    [1;34m5[0m: 	before_create -> [32mdo[0m
    [1;34m6[0m: 		uid = link.match([1;34;4mYT_LINK_FORMAT[0m)
    [1;34m7[0m: 		[1;36mself[0m.uid = uid[[1;34m2[0m] [32mif[0m uid && uid[[1;34m2[0m]
    [1;34m8[0m: 		
    [1;34m9[0m: 		[32mif[0m [1;36mself[0m.uid.to_s.length != [1;34m11[0m

[0G[1] pry(Video)> 
[1mFrom:[0m /home/synerzip/youtube_video_player/app/models/video.rb @ line 4 :

    [1;34m1[0m: [32mclass[0m [1;35;4mVideo[0m < [1;34;4mApplicationRecord[0m
    [1;34m2[0m: 
    [1;34m3[0m: 	[1;34;4mYT_LINK_FORMAT[0m = [35m[1;35m/[0m[35m^.*(youtu.be[1;35m\/[0m[35m|v[1;35m\/[0m[35m|u[1;35m\/[0m[35m[1;35m\w[0m[35m[1;35m\/[0m[35m|embed[1;35m\/[0m[35m|watch[1;35m\?[0m[35mv=|[1;35m\&[0m[35mv=)([^#[1;35m\&[0m[35m[1;35m\?[0m[35m]*).*[1;35m/[0m[35m[35mi[0m[35m[0m
 => [1;34m4[0m: 	binding.pry
    [1;34m5[0m: 	before_create -> [32mdo[0m
    [1;34m6[0m: 		uid = link.match([1;34;4mYT_LINK_FORMAT[0m)
    [1;34m7[0m: 		[1;36mself[0m.uid = uid[[1;34m2[0m] [32mif[0m uid && uid[[1;34m2[0m]
    [1;34m8[0m: 		
    [1;34m9[0m: 		[32mif[0m [1;36mself[0m.uid.to_s.length != [1;34m11[0m

[0G[1] pry(Video)> 
[1mFrom:[0m /home/synerzip/youtube_video_player/app/models/video.rb @ line 4 :

    [1;34m1[0m: [32mclass[0m [1;35;4mVideo[0m < [1;34;4mApplicationRecord[0m
    [1;34m2[0m: 
    [1;34m3[0m: 	[1;34;4mYT_LINK_FORMAT[0m = [35m[1;35m/[0m[35m^.*(youtu.be[1;35m\/[0m[35m|v[1;35m\/[0m[35m|u[1;35m\/[0m[35m[1;35m\w[0m[35m[1;35m\/[0m[35m|embed[1;35m\/[0m[35m|watch[1;35m\?[0m[35mv=|[1;35m\&[0m[35mv=)([^#[1;35m\&[0m[35m[1;35m\?[0m[35m]*).*[1;35m/[0m[35m[35mi[0m[35m[0m
 => [1;34m4[0m: 	binding.pry
    [1;34m5[0m: 	before_create -> [32mdo[0m
    [1;34m6[0m: 		uid = link.match([1;34;4mYT_LINK_FORMAT[0m)
    [1;34m7[0m: 		[1;36mself[0m.uid = uid[[1;34m2[0m] [32mif[0m uid && uid[[1;34m2[0m]
    [1;34m8[0m: 		
    [1;34m9[0m: 		[32mif[0m [1;36mself[0m.uid.to_s.length != [1;34m11[0m

[0G[1] pry(Video)> 
[1mFrom:[0m /home/synerzip/youtube_video_player/app/models/video.rb @ line 4 :

    [1;34m1[0m: [32mclass[0m [1;35;4mVideo[0m < [1;34;4mApplicationRecord[0m
    [1;34m2[0m: 
    [1;34m3[0m: 	[1;34;4mYT_LINK_FORMAT[0m = [35m[1;35m/[0m[35m^.*(youtu.be[1;35m\/[0m[35m|v[1;35m\/[0m[35m|u[1;35m\/[0m[35m[1;35m\w[0m[35m[1;35m\/[0m[35m|embed[1;35m\/[0m[35m|watch[1;35m\?[0m[35mv=|[1;35m\&[0m[35mv=)([^#[1;35m\&[0m[35m[1;35m\?[0m[35m]*).*[1;35m/[0m[35m[35mi[0m[35m[0m
 => [1;34m4[0m: 	binding.pry
    [1;34m5[0m: 	before_create -> [32mdo[0m
    [1;34m6[0m: 		uid = link.match([1;34;4mYT_LINK_FORMAT[0m)
    [1;34m7[0m: 		[1;36mself[0m.uid = uid[[1;34m2[0m] [32mif[0m uid && uid[[1;34m2[0m]
    [1;34m8[0m: 		
    [1;34m9[0m: 		[32mif[0m [1;36mself[0m.uid.to_s.length != [1;34m11[0m

[0G[1] pry(Video)> 
[1mFrom:[0m /home/synerzip/youtube_video_player/app/models/video.rb @ line 4 :

    [1;34m1[0m: [32mclass[0m [1;35;4mVideo[0m < [1;34;4mApplicationRecord[0m
    [1;34m2[0m: 
    [1;34m3[0m: 	[1;34;4mYT_LINK_FORMAT[0m = [35m[1;35m/[0m[35m^.*(youtu.be[1;35m\/[0m[35m|v[1;35m\/[0m[35m|u[1;35m\/[0m[35m[1;35m\w[0m[35m[1;35m\/[0m[35m|embed[1;35m\/[0m[35m|watch[1;35m\?[0m[35mv=|[1;35m\&[0m[35mv=)([^#[1;35m\&[0m[35m[1;35m\?[0m[35m]*).*[1;35m/[0m[35m[35mi[0m[35m[0m
 => [1;34m4[0m: 	binding.pry
    [1;34m5[0m: 	before_create -> [32mdo[0m
    [1;34m6[0m: 		uid = link.match([1;34;4mYT_LINK_FORMAT[0m)
    [1;34m7[0m: 		[1;36mself[0m.uid = uid[[1;34m2[0m] [32mif[0m uid && uid[[1;34m2[0m]
    [1;34m8[0m: 		
    [1;34m9[0m: 		[32mif[0m [1;36mself[0m.uid.to_s.length != [1;34m11[0m

[0G[1] pry(Video)> 
[1mFrom:[0m /home/synerzip/youtube_video_player/app/models/video.rb @ line 4 :

    [1;34m1[0m: [32mclass[0m [1;35;4mVideo[0m < [1;34;4mApplicationRecord[0m
    [1;34m2[0m: 
    [1;34m3[0m: 	[1;34;4mYT_LINK_FORMAT[0m = [35m[1;35m/[0m[35m^.*(youtu.be[1;35m\/[0m[35m|v[1;35m\/[0m[35m|u[1;35m\/[0m[35m[1;35m\w[0m[35m[1;35m\/[0m[35m|embed[1;35m\/[0m[35m|watch[1;35m\?[0m[35mv=|[1;35m\&[0m[35mv=)([^#[1;35m\&[0m[35m[1;35m\?[0m[35m]*).*[1;35m/[0m[35m[35mi[0m[35m[0m
 => [1;34m4[0m: 	binding.pry
    [1;34m5[0m: 	before_create -> [32mdo[0m
    [1;34m6[0m: 		uid = link.match([1;34;4mYT_LINK_FORMAT[0m)
    [1;34m7[0m: 		[1;36mself[0m.uid = uid[[1;34m2[0m] [32mif[0m uid && uid[[1;34m2[0m]
    [1;34m8[0m: 		
    [1;34m9[0m: 		[32mif[0m [1;36mself[0m.uid.to_s.length != [1;34m11[0m

[0G[1] pry(Video)> 
[1mFrom:[0m /home/synerzip/youtube_video_player/app/models/video.rb @ line 4 :

    [1;34m1[0m: [32mclass[0m [1;35;4mVideo[0m < [1;34;4mApplicationRecord[0m
    [1;34m2[0m: 
    [1;34m3[0m: 	[1;34;4mYT_LINK_FORMAT[0m = [35m[1;35m/[0m[35m^.*(youtu.be[1;35m\/[0m[35m|v[1;35m\/[0m[35m|u[1;35m\/[0m[35m[1;35m\w[0m[35m[1;35m\/[0m[35m|embed[1;35m\/[0m[35m|watch[1;35m\?[0m[35mv=|[1;35m\&[0m[35mv=)([^#[1;35m\&[0m[35m[1;35m\?[0m[35m]*).*[1;35m/[0m[35m[35mi[0m[35m[0m
 => [1;34m4[0m: 	binding.pry
    [1;34m5[0m: 	before_create -> [32mdo[0m
    [1;34m6[0m: 		uid = link.match([1;34;4mYT_LINK_FORMAT[0m)
    [1;34m7[0m: 		[1;36mself[0m.uid = uid[[1;34m2[0m] [32mif[0m uid && uid[[1;34m2[0m]
    [1;34m8[0m: 	[32mend[0m
    [1;34m9[0m: [32mend[0m

[0G[1] pry(Video)> 
[1mFrom:[0m /home/synerzip/youtube_video_player/app/models/video.rb @ line 4 :

    [1;34m1[0m: [32mclass[0m [1;35;4mVideo[0m < [1;34;4mApplicationRecord[0m
    [1;34m2[0m: 
    [1;34m3[0m: 	[1;34;4mYT_LINK_FORMAT[0m = [35m[1;35m/[0m[35m^.*(youtu.be[1;35m\/[0m[35m|v[1;35m\/[0m[35m|u[1;35m\/[0m[35m[1;35m\w[0m[35m[1;35m\/[0m[35m|embed[1;35m\/[0m[35m|watch[1;35m\?[0m[35mv=|[1;35m\&[0m[35mv=)([^#[1;35m\&[0m[35m[1;35m\?[0m[35m]*).*[1;35m/[0m[35m[35mi[0m[35m[0m
 => [1;34m4[0m: 	binding.pry
    [1;34m5[0m: 	before_create -> [32mdo[0m
    [1;34m6[0m: 		uid = link.match([1;34;4mYT_LINK_FORMAT[0m)
    [1;34m7[0m: 		[1;36mself[0m.uid = uid[[1;34m2[0m] [32mif[0m uid && uid[[1;34m2[0m]
    [1;34m8[0m: 	[32mend[0m
    [1;34m9[0m: [32mend[0m

[0G[1] pry(Video)> 
[1mFrom:[0m /home/synerzip/youtube_video_player/app/controllers/videos_controller.rb @ line 12 VideosController#create:

    [1;34m11[0m: [32mdef[0m [1;34mcreate[0m
 => [1;34m12[0m:   binding.pry
    [1;34m13[0m:   @video = [1;34;4mVideo[0m.new(user_params)
    [1;34m14[0m:   authorize @video
    [1;34m15[0m:   [32mif[0m @video.save
    [1;34m16[0m:     redirect_to videos_path
    [1;34m17[0m:   [32melse[0m
    [1;34m18[0m:     render [31m[1;31m'[0m[31mnew[1;31m'[0m[31m[0m
    [1;34m19[0m:   [32mend[0m
    [1;34m20[0m: [32mend[0m

[0G[1] pry(#<VideosController>)> 